<?xml version="1.0" encoding="UTF-8"?>
<!-- Generated by org.testng.reporters.JUnitReportReporter -->
<testsuite hostname="DESKTOP-LU3A498" failures="0" tests="1" name="Testing.ReUserMethod" time="69.573" errors="0" timestamp="2024-07-25T15:56:03 IST" skipped="0">
  <testcase classname="Testing.ReUserMethod" name="mytestcases" time="69.573"/>
  <system-out/>
</testsuite> <!-- Testing.ReUserMethod -->
