<?xml version="1.0" encoding="UTF-8"?>
<!-- Generated by org.testng.reporters.JUnitReportReporter -->
<testsuite hostname="DESKTOP-LU3A498" failures="0" tests="1" name="Testing.Sripting" time="76.110" errors="0" timestamp="2024-07-25T11:19:58 IST" skipped="0">
  <testcase classname="Testing.Sripting" name="mytestcases" time="76.110"/>
  <system-out/>
</testsuite> <!-- Testing.Sripting -->
