<?xml version="1.0" encoding="UTF-8"?>
<!-- Generated by org.testng.reporters.JUnitReportReporter -->
<testsuite hostname="DESKTOP-LU3A498" failures="0" tests="1" name="Testing.ExecuteTestCase" time="62.018" errors="0" timestamp="2024-07-25T11:21:35 IST" skipped="0">
  <testcase classname="Testing.ExecuteTestCase" name="mytestcases" time="62.018"/>
  <system-out/>
</testsuite> <!-- Testing.ExecuteTestCase -->
