<?xml version="1.0" encoding="UTF-8"?>
<!-- Generated by org.testng.reporters.JUnitReportReporter -->
<testsuite hostname="DESKTOP-LU3A498" failures="0" tests="1" name="BasePack.BaseClass" time="13.041" errors="0" timestamp="2024-07-06T15:33:08 IST" skipped="0">
  <testcase classname="BasePack.BaseClass" name="Testcases" time="13.041"/>
  <system-out/>
</testsuite> <!-- BasePack.BaseClass -->
